build/app/intermediates/manifest_merge_blame_file/release/manifest-merger-blame-release-report.txt
1<?xml version="1.0" encoding="utf-8"?>
2<manifest xmlns:android="http://schemas.android.com/apk/res/android"
3    package="rushilmakkar.ngouser"
4    android:versionCode="1"
5    android:versionName="1.0.0" >
6
7    <uses-sdk
8        android:minSdkVersion="21"
8-->src\main\AndroidManifest.xml
9        android:targetSdkVersion="28" />
9-->src\main\AndroidManifest.xml
10    <!--
11         io.flutter.app.FlutterApplication is an android.app.Application that
12         calls FlutterMain.startInitialization(this); in its onCreate method.
13         In most cases you can leave this as-is, but you if you want to provide
14         additional functionality it is fine to subclass or reimplement
15         FlutterApplication and put your custom class here.
16    -->
17    <uses-permission android:name="android.permission.INTERNET" />
17-->src\main\AndroidManifest.xml:8:5-66
17-->src\main\AndroidManifest.xml:8:22-64
18    <uses-permission android:name="android.permission.ACCESS_NETWORK_STATE" />
18-->[:firebase_analytics] AndroidManifest.xml:7:5-79
18-->[:firebase_analytics] AndroidManifest.xml:7:22-76
19    <uses-permission android:name="android.permission.WAKE_LOCK" />
19-->[:firebase_analytics] AndroidManifest.xml:9:5-68
19-->[:firebase_analytics] AndroidManifest.xml:9:22-65
20    <uses-permission android:name="android.permission.ACCESS_COARSE_LOCATION" />
20-->[:location] AndroidManifest.xml:7:5-81
20-->[:location] AndroidManifest.xml:7:22-78
21    <uses-permission android:name="android.permission.ACCESS_FINE_LOCATION" />
21-->[:location] AndroidManifest.xml:8:5-79
21-->[:location] AndroidManifest.xml:8:22-76
22    <uses-permission android:name="android.permission.CAMERA" />
22-->[:camera] AndroidManifest.xml:7:5-65
22-->[:camera] AndroidManifest.xml:7:22-62
23    <uses-permission android:name="android.permission.RECORD_AUDIO" />
23-->[:camera] AndroidManifest.xml:8:5-71
23-->[:camera] AndroidManifest.xml:8:22-68
24    <uses-permission android:name="com.google.android.finsky.permission.BIND_GET_INSTALL_REFERRER_SERVICE" /> <!-- Required by older versions of Google Play services to create IID tokens -->
24-->[com.google.android.gms:play-services-measurement:17.2.2] AndroidManifest.xml:26:5-110
24-->[com.google.android.gms:play-services-measurement:17.2.2] AndroidManifest.xml:26:22-107
25    <uses-permission android:name="com.google.android.c2dm.permission.RECEIVE" />
25-->[com.google.firebase:firebase-iid:20.0.2] AndroidManifest.xml:26:5-82
25-->[com.google.firebase:firebase-iid:20.0.2] AndroidManifest.xml:26:22-79
26
27    <uses-feature
27-->[com.google.android.gms:play-services-maps:17.0.0] AndroidManifest.xml:26:5-28:35
28        android:glEsVersion="0x00020000"
28-->[com.google.android.gms:play-services-maps:17.0.0] AndroidManifest.xml:27:9-41
29        android:required="true" />
29-->[com.google.android.gms:play-services-maps:17.0.0] AndroidManifest.xml:28:9-32
30
31    <application
31-->src\main\AndroidManifest.xml:9:5-37:19
32        android:name="io.flutter.app.FlutterApplication"
32-->src\main\AndroidManifest.xml:10:9-57
33        android:appComponentFactory="androidx.core.app.CoreComponentFactory"
33-->[androidx.core:core:1.0.0] AndroidManifest.xml:22:18-86
34        android:icon="@mipmap/ic_launcher"
34-->src\main\AndroidManifest.xml:12:9-43
35        android:label="Sanjeevani" >
35-->src\main\AndroidManifest.xml:11:9-35
36        <meta-data
36-->src\main\AndroidManifest.xml:13:10-15:66
37            android:name="com.google.android.geo.API_KEY"
37-->src\main\AndroidManifest.xml:14:9-54
38            android:value="AIzaSyChV93H48uycfk5ZI-TQD0FyEPRI2DnDRw" />
38-->src\main\AndroidManifest.xml:15:9-64
39
40        <activity
40-->src\main\AndroidManifest.xml:17:9-31:20
41            android:name="rushilmakkar.ngouser.MainActivity"
41-->src\main\AndroidManifest.xml:18:13-41
42            android:configChanges="orientation|keyboardHidden|keyboard|screenSize|smallestScreenSize|locale|layoutDirection|fontScale|screenLayout|density|uiMode"
42-->src\main\AndroidManifest.xml:21:13-163
43            android:hardwareAccelerated="true"
43-->src\main\AndroidManifest.xml:22:13-47
44            android:launchMode="singleTop"
44-->src\main\AndroidManifest.xml:19:13-43
45            android:theme="@style/LaunchTheme"
45-->src\main\AndroidManifest.xml:20:13-47
46            android:windowSoftInputMode="adjustResize" >
46-->src\main\AndroidManifest.xml:23:13-55
47            <intent-filter>
47-->src\main\AndroidManifest.xml:25:13-28:29
48                <action android:name="android.intent.action.MAIN" />
48-->src\main\AndroidManifest.xml:26:17-68
48-->src\main\AndroidManifest.xml:26:25-66
49
50                <category android:name="android.intent.category.LAUNCHER" />
50-->src\main\AndroidManifest.xml:27:17-76
50-->src\main\AndroidManifest.xml:27:27-74
51            </intent-filter>
52        </activity>
53        <!--
54             Don't delete the meta-data below.
55             This is used by the Flutter tool to generate GeneratedPluginRegistrant.java
56        -->
57        <meta-data
57-->src\main\AndroidManifest.xml:34:9-36:33
58            android:name="flutterEmbedding"
58-->src\main\AndroidManifest.xml:35:13-44
59            android:value="2" />
59-->src\main\AndroidManifest.xml:36:13-30
60
61        <service
61-->[:firebase_analytics] AndroidManifest.xml:12:9-16:19
62            android:name="com.google.firebase.components.ComponentDiscoveryService"
62-->[:firebase_analytics] AndroidManifest.xml:12:18-89
63            android:directBootAware="true"
63-->[com.google.firebase:firebase-common:19.3.0] AndroidManifest.xml:34:13-43
64            android:exported="false" >
64-->[com.google.android.gms:play-services-measurement-api:17.2.2] AndroidManifest.xml:29:13-37
65            <meta-data
65-->[:firebase_analytics] AndroidManifest.xml:13:13-15:85
66                android:name="com.google.firebase.components:io.flutter.plugins.firebaseanalytics.FlutterFirebaseAppRegistrar"
66-->[:firebase_analytics] AndroidManifest.xml:14:17-127
67                android:value="com.google.firebase.components.ComponentRegistrar" />
67-->[:firebase_analytics] AndroidManifest.xml:15:17-82
68            <meta-data
68-->[:firebase_storage] AndroidManifest.xml:9:13-11:85
69                android:name="com.google.firebase.components:io.flutter.plugins.firebase.storage.FlutterFirebaseAppRegistrar"
69-->[:firebase_storage] AndroidManifest.xml:10:17-126
70                android:value="com.google.firebase.components.ComponentRegistrar" />
70-->[:firebase_storage] AndroidManifest.xml:11:17-82
71            <meta-data
71-->[:firebase_auth] AndroidManifest.xml:9:13-11:85
72                android:name="com.google.firebase.components:io.flutter.plugins.firebaseauth.FlutterFirebaseAppRegistrar"
72-->[:firebase_auth] AndroidManifest.xml:10:17-122
73                android:value="com.google.firebase.components.ComponentRegistrar" />
73-->[:firebase_auth] AndroidManifest.xml:11:17-82
74            <meta-data
74-->[:cloud_firestore] AndroidManifest.xml:9:13-11:85
75                android:name="com.google.firebase.components:io.flutter.plugins.firebase.cloudfirestore.FlutterFirebaseAppRegistrar"
75-->[:cloud_firestore] AndroidManifest.xml:10:17-133
76                android:value="com.google.firebase.components.ComponentRegistrar" />
76-->[:cloud_firestore] AndroidManifest.xml:11:17-82
77            <meta-data
77-->[:firebase_core] AndroidManifest.xml:9:13-11:85
78                android:name="com.google.firebase.components:io.flutter.plugins.firebase.core.FlutterFirebaseAppRegistrar"
78-->[:firebase_core] AndroidManifest.xml:10:17-123
79                android:value="com.google.firebase.components.ComponentRegistrar" />
79-->[:firebase_core] AndroidManifest.xml:11:17-82
80            <meta-data
80-->[com.google.android.gms:play-services-measurement-api:17.2.2] AndroidManifest.xml:30:13-32:85
81                android:name="com.google.firebase.components:com.google.firebase.analytics.connector.internal.AnalyticsConnectorRegistrar"
81-->[com.google.android.gms:play-services-measurement-api:17.2.2] AndroidManifest.xml:31:17-139
82                android:value="com.google.firebase.components.ComponentRegistrar" />
82-->[com.google.android.gms:play-services-measurement-api:17.2.2] AndroidManifest.xml:32:17-82
83            <meta-data
83-->[com.google.firebase:firebase-storage:17.0.0] AndroidManifest.xml:31:13-33:85
84                android:name="com.google.firebase.components:com.google.firebase.storage.StorageRegistrar"
84-->[com.google.firebase:firebase-storage:17.0.0] AndroidManifest.xml:32:17-107
85                android:value="com.google.firebase.components.ComponentRegistrar" />
85-->[com.google.firebase:firebase-storage:17.0.0] AndroidManifest.xml:33:17-82
86            <meta-data
86-->[com.google.firebase:firebase-firestore:21.3.0] AndroidManifest.xml:20:13-22:85
87                android:name="com.google.firebase.components:com.google.firebase.firestore.FirestoreRegistrar"
87-->[com.google.firebase:firebase-firestore:21.3.0] AndroidManifest.xml:21:17-111
88                android:value="com.google.firebase.components.ComponentRegistrar" />
88-->[com.google.firebase:firebase-firestore:21.3.0] AndroidManifest.xml:22:17-82
89            <meta-data
89-->[com.google.firebase:firebase-auth:19.2.0] AndroidManifest.xml:36:13-38:85
90                android:name="com.google.firebase.components:com.google.firebase.auth.FirebaseAuthRegistrar"
90-->[com.google.firebase:firebase-auth:19.2.0] AndroidManifest.xml:37:17-109
91                android:value="com.google.firebase.components.ComponentRegistrar" />
91-->[com.google.firebase:firebase-auth:19.2.0] AndroidManifest.xml:38:17-82
92            <meta-data
92-->[com.google.firebase:firebase-iid:20.0.2] AndroidManifest.xml:32:13-34:85
93                android:name="com.google.firebase.components:com.google.firebase.iid.Registrar"
93-->[com.google.firebase:firebase-iid:20.0.2] AndroidManifest.xml:33:17-96
94                android:value="com.google.firebase.components.ComponentRegistrar" />
94-->[com.google.firebase:firebase-iid:20.0.2] AndroidManifest.xml:34:17-82
95        </service>
96
97        <receiver
97-->[com.google.android.gms:play-services-measurement:17.2.2] AndroidManifest.xml:29:9-33:20
98            android:name="com.google.android.gms.measurement.AppMeasurementReceiver"
98-->[com.google.android.gms:play-services-measurement:17.2.2] AndroidManifest.xml:30:13-85
99            android:enabled="true"
99-->[com.google.android.gms:play-services-measurement:17.2.2] AndroidManifest.xml:31:13-35
100            android:exported="false" >
100-->[com.google.android.gms:play-services-measurement:17.2.2] AndroidManifest.xml:32:13-37
101        </receiver>
102        <receiver
102-->[com.google.android.gms:play-services-measurement:17.2.2] AndroidManifest.xml:34:9-42:20
103            android:name="com.google.android.gms.measurement.AppMeasurementInstallReferrerReceiver"
103-->[com.google.android.gms:play-services-measurement:17.2.2] AndroidManifest.xml:35:13-100
104            android:enabled="true"
104-->[com.google.android.gms:play-services-measurement:17.2.2] AndroidManifest.xml:36:13-35
105            android:exported="true"
105-->[com.google.android.gms:play-services-measurement:17.2.2] AndroidManifest.xml:37:13-36
106            android:permission="android.permission.INSTALL_PACKAGES" >
106-->[com.google.android.gms:play-services-measurement:17.2.2] AndroidManifest.xml:38:13-69
107            <intent-filter>
107-->[com.google.android.gms:play-services-measurement:17.2.2] AndroidManifest.xml:39:13-41:29
108                <action android:name="com.android.vending.INSTALL_REFERRER" />
108-->[com.google.android.gms:play-services-measurement:17.2.2] AndroidManifest.xml:40:17-79
108-->[com.google.android.gms:play-services-measurement:17.2.2] AndroidManifest.xml:40:25-76
109            </intent-filter>
110        </receiver>
111
112        <service
112-->[com.google.android.gms:play-services-measurement:17.2.2] AndroidManifest.xml:44:9-47:40
113            android:name="com.google.android.gms.measurement.AppMeasurementService"
113-->[com.google.android.gms:play-services-measurement:17.2.2] AndroidManifest.xml:45:13-84
114            android:enabled="true"
114-->[com.google.android.gms:play-services-measurement:17.2.2] AndroidManifest.xml:46:13-35
115            android:exported="false" />
115-->[com.google.android.gms:play-services-measurement:17.2.2] AndroidManifest.xml:47:13-37
116        <service
116-->[com.google.android.gms:play-services-measurement:17.2.2] AndroidManifest.xml:48:9-52:72
117            android:name="com.google.android.gms.measurement.AppMeasurementJobService"
117-->[com.google.android.gms:play-services-measurement:17.2.2] AndroidManifest.xml:49:13-87
118            android:enabled="true"
118-->[com.google.android.gms:play-services-measurement:17.2.2] AndroidManifest.xml:50:13-35
119            android:exported="false"
119-->[com.google.android.gms:play-services-measurement:17.2.2] AndroidManifest.xml:51:13-37
120            android:permission="android.permission.BIND_JOB_SERVICE" />
120-->[com.google.android.gms:play-services-measurement:17.2.2] AndroidManifest.xml:52:13-69
121
122        <activity
122-->[com.google.firebase:firebase-auth:19.2.0] AndroidManifest.xml:24:9-31:50
123            android:name="com.google.firebase.auth.internal.FederatedSignInActivity"
123-->[com.google.firebase:firebase-auth:19.2.0] AndroidManifest.xml:25:13-85
124            android:excludeFromRecents="true"
124-->[com.google.firebase:firebase-auth:19.2.0] AndroidManifest.xml:26:13-46
125            android:exported="true"
125-->[com.google.firebase:firebase-auth:19.2.0] AndroidManifest.xml:27:13-36
126            android:launchMode="singleTask"
126-->[com.google.firebase:firebase-auth:19.2.0] AndroidManifest.xml:28:13-44
127            android:permission="com.google.firebase.auth.api.gms.permission.LAUNCH_FEDERATED_SIGN_IN"
127-->[com.google.firebase:firebase-auth:19.2.0] AndroidManifest.xml:29:13-102
128            android:theme="@android:style/Theme.Translucent.NoTitleBar" />
128-->[com.google.firebase:firebase-auth:19.2.0] AndroidManifest.xml:30:13-72
129
130        <receiver
130-->[com.google.firebase:firebase-iid:20.0.2] AndroidManifest.xml:37:9-44:20
131            android:name="com.google.firebase.iid.FirebaseInstanceIdReceiver"
131-->[com.google.firebase:firebase-iid:20.0.2] AndroidManifest.xml:38:13-78
132            android:exported="true"
132-->[com.google.firebase:firebase-iid:20.0.2] AndroidManifest.xml:39:13-36
133            android:permission="com.google.android.c2dm.permission.SEND" >
133-->[com.google.firebase:firebase-iid:20.0.2] AndroidManifest.xml:40:13-73
134            <intent-filter>
134-->[com.google.firebase:firebase-iid:20.0.2] AndroidManifest.xml:41:13-43:29
135                <action android:name="com.google.android.c2dm.intent.RECEIVE" />
135-->[com.google.firebase:firebase-iid:20.0.2] AndroidManifest.xml:42:17-81
135-->[com.google.firebase:firebase-iid:20.0.2] AndroidManifest.xml:42:25-78
136            </intent-filter>
137        </receiver>
138
139        <provider
139-->[com.google.firebase:firebase-common:19.3.0] AndroidManifest.xml:26:9-30:39
140            android:name="com.google.firebase.provider.FirebaseInitProvider"
140-->[com.google.firebase:firebase-common:19.3.0] AndroidManifest.xml:27:13-77
141            android:authorities="rushilmakkar.ngouser.firebaseinitprovider"
141-->[com.google.firebase:firebase-common:19.3.0] AndroidManifest.xml:28:13-72
142            android:exported="false"
142-->[com.google.firebase:firebase-common:19.3.0] AndroidManifest.xml:29:13-37
143            android:initOrder="100" /> <!-- Needs to be explicitly declared on P+ -->
143-->[com.google.firebase:firebase-common:19.3.0] AndroidManifest.xml:30:13-36
144        <uses-library
144-->[com.google.android.gms:play-services-maps:17.0.0] AndroidManifest.xml:33:9-35:40
145            android:name="org.apache.http.legacy"
145-->[com.google.android.gms:play-services-maps:17.0.0] AndroidManifest.xml:34:13-50
146            android:required="false" />
146-->[com.google.android.gms:play-services-maps:17.0.0] AndroidManifest.xml:35:13-37
147
148        <activity
148-->[com.google.android.gms:play-services-base:17.1.0] AndroidManifest.xml:23:9-26:75
149            android:name="com.google.android.gms.common.api.GoogleApiActivity"
149-->[com.google.android.gms:play-services-base:17.1.0] AndroidManifest.xml:24:13-79
150            android:exported="false"
150-->[com.google.android.gms:play-services-base:17.1.0] AndroidManifest.xml:25:13-37
151            android:theme="@android:style/Theme.Translucent.NoTitleBar" />
151-->[com.google.android.gms:play-services-base:17.1.0] AndroidManifest.xml:26:13-72
152
153        <meta-data
153-->[com.google.android.gms:play-services-basement:17.0.0] AndroidManifest.xml:23:9-25:69
154            android:name="com.google.android.gms.version"
154-->[com.google.android.gms:play-services-basement:17.0.0] AndroidManifest.xml:24:13-58
155            android:value="@integer/google_play_services_version" />
155-->[com.google.android.gms:play-services-basement:17.0.0] AndroidManifest.xml:25:13-66
156    </application>
157
158</manifest>